
SAMPLING FOR MODEL 'rd' NOW (CHAIN 1).

SAMPLING FOR MODEL 'rd' NOW (CHAIN 3).

SAMPLING FOR MODEL 'rd' NOW (CHAIN 2).

SAMPLING FOR MODEL 'rd' NOW (CHAIN 4).
Chain 3: 
Chain 3: Gradient evaluation took 9.3e-05 seconds
Chain 3: 1000 transitions using 10 leapfrog steps per transition would take 0.93 seconds.
Chain 3: Adjust your expectations accordingly!
Chain 3: 
Chain 3: 
Chain 1: 
Chain 1: Gradient evaluation took 0.000102 seconds
Chain 1: 1000 transitions using 10 leapfrog steps per transition would take 1.02 seconds.
Chain 1: Adjust your expectations accordingly!Chain 4: 
Chain 4: Gradient evaluation took 7.6e-05 seconds
Chain 4: 1000 transitions using 10 leapfrog steps per transition would take 0.76 seconds.

Chain 1: 
Chain 1: 
Chain 4: Adjust your expectations accordingly!
Chain 4: 
Chain 4: 
Chain 2: 
Chain 2: Gradient evaluation took 9.2e-05 seconds
Chain 2: 1000 transitions using 10 leapfrog steps per transition would take 0.92 seconds.
Chain 2: Adjust your expectations accordingly!
Chain 2: 
Chain 2: 
Chain 3: Iteration:    1 / 5000 [  0%]  (Warmup)
Chain 4: Iteration:    1 / 5000 [  0%]  (Warmup)
Chain 1: Iteration:    1 / 5000 [  0%]  (Warmup)
Chain 2: Iteration:    1 / 5000 [  0%]  (Warmup)
Chain 3: Iteration:  500 / 5000 [ 10%]  (Warmup)
Chain 2: Iteration:  500 / 5000 [ 10%]  (Warmup)
Chain 1: Iteration:  500 / 5000 [ 10%]  (Warmup)
Chain 4: Iteration:  500 / 5000 [ 10%]  (Warmup)
Chain 2: Iteration: 1000 / 5000 [ 20%]  (Warmup)
Chain 3: Iteration: 1000 / 5000 [ 20%]  (Warmup)
Chain 1: Iteration: 1000 / 5000 [ 20%]  (Warmup)
Chain 4: Iteration: 1000 / 5000 [ 20%]  (Warmup)
Chain 2: Iteration: 1500 / 5000 [ 30%]  (Warmup)
Chain 3: Iteration: 1500 / 5000 [ 30%]  (Warmup)
Chain 1: Iteration: 1500 / 5000 [ 30%]  (Warmup)
Chain 4: Iteration: 1500 / 5000 [ 30%]  (Warmup)
Chain 2: Iteration: 2000 / 5000 [ 40%]  (Warmup)
Chain 3: Iteration: 2000 / 5000 [ 40%]  (Warmup)
Chain 1: Iteration: 2000 / 5000 [ 40%]  (Warmup)
Chain 2: Iteration: 2500 / 5000 [ 50%]  (Warmup)
Chain 2: Iteration: 2501 / 5000 [ 50%]  (Sampling)
Chain 4: Iteration: 2000 / 5000 [ 40%]  (Warmup)
Chain 3: Iteration: 2500 / 5000 [ 50%]  (Warmup)
Chain 3: Iteration: 2501 / 5000 [ 50%]  (Sampling)
Chain 1: Iteration: 2500 / 5000 [ 50%]  (Warmup)
Chain 1: Iteration: 2501 / 5000 [ 50%]  (Sampling)
Chain 4: Iteration: 2500 / 5000 [ 50%]  (Warmup)
Chain 4: Iteration: 2501 / 5000 [ 50%]  (Sampling)
Chain 2: Iteration: 3000 / 5000 [ 60%]  (Sampling)
Chain 3: Iteration: 3000 / 5000 [ 60%]  (Sampling)
Chain 1: Iteration: 3000 / 5000 [ 60%]  (Sampling)
Chain 4: Iteration: 3000 / 5000 [ 60%]  (Sampling)
Chain 3: Iteration: 3500 / 5000 [ 70%]  (Sampling)
Chain 2: Iteration: 3500 / 5000 [ 70%]  (Sampling)
Chain 1: Iteration: 3500 / 5000 [ 70%]  (Sampling)
Chain 4: Iteration: 3500 / 5000 [ 70%]  (Sampling)
Chain 2: Iteration: 4000 / 5000 [ 80%]  (Sampling)
Chain 3: Iteration: 4000 / 5000 [ 80%]  (Sampling)
Chain 1: Iteration: 4000 / 5000 [ 80%]  (Sampling)
Chain 4: Iteration: 4000 / 5000 [ 80%]  (Sampling)
Chain 2: Iteration: 4500 / 5000 [ 90%]  (Sampling)
Chain 3: Iteration: 4500 / 5000 [ 90%]  (Sampling)
Chain 1: Iteration: 4500 / 5000 [ 90%]  (Sampling)
Chain 4: Iteration: 4500 / 5000 [ 90%]  (Sampling)
Chain 3: Iteration: 5000 / 5000 [100%]  (Sampling)
Chain 3: 
Chain 3:  Elapsed Time: 20.3269 seconds (Warm-up)
Chain 3:                28.6734 seconds (Sampling)
Chain 3:                49.0003 seconds (Total)
Chain 3: 
Chain 2: Iteration: 5000 / 5000 [100%]  (Sampling)
Chain 2: 
Chain 2:  Elapsed Time: 19.9141 seconds (Warm-up)
Chain 2:                29.2384 seconds (Sampling)
Chain 2:                49.1525 seconds (Total)
Chain 2: 
Chain 1: Iteration: 5000 / 5000 [100%]  (Sampling)
Chain 1: 
Chain 1:  Elapsed Time: 22.9005 seconds (Warm-up)
Chain 1:                30.8467 seconds (Sampling)
Chain 1:                53.7472 seconds (Total)
Chain 1: 
Chain 4: Iteration: 5000 / 5000 [100%]  (Sampling)
Chain 4: 
Chain 4:  Elapsed Time: 24.7918 seconds (Warm-up)
Chain 4:                29.1426 seconds (Sampling)
Chain 4:                53.9344 seconds (Total)
Chain 4: 
