
SAMPLING FOR MODEL '
SAMPLING FOR MODEL 'bfx' NOW (CHAIN bfx' NOW (CHAIN 1).

SAMPLING FOR MODEL 'bfx' NOW (CHAIN 
SAMPLING2 FOR MODEL '3bfx).
).
' NOW (CHAIN 4).
Chain 1: 
Chain 2: 
Chain 2: Gradient evaluation took 0.000519 secondsChain 1: Gradient evaluation took 0.000552 seconds
Chain 1: 
Chain 1000 transitions using 10 leapfrog steps per transition would take 5.52 seconds.
2Chain : 3Chain 1: Adjust your expectations accordingly!
Chain : Chain 
1Chain 1000 transitions using 10 leapfrog steps per transition would take 5.19 seconds.
3: Gradient evaluation took 0.000656 seconds: 

Chain 2: Adjust your expectations accordingly!
Chain 2: 
Chain 2: 
Chain 3: 1000 transitions using 10 leapfrog steps per transition would take 6.56 seconds.
Chain 3: Adjust your expectations accordingly!
Chain 3: 
Chain 3: 
4: 
Chain 4: Gradient evaluation took 0.000665 secondsChain 1: 

Chain 4: 1000 transitions using 10 leapfrog steps per transition would take 6.65 seconds.
Chain 4: Adjust your expectations accordingly!
Chain 4: 
Chain 4: 
Chain 2: Iteration:    1 / 5000 [  0%]  (Warmup)
Chain 1: Iteration:    1 / 5000 [  0%]  (Warmup)
Chain 3: Iteration:    1 / 5000 [  0%]  (Warmup)
Chain 4: Iteration:    1 / 5000 [  0%]  (Warmup)
Chain 3: Iteration:  500 / 5000 [ 10%]  (Warmup)
Chain 4: Iteration:  500 / 5000 [ 10%]  (Warmup)
Chain 1: Iteration:  500 / 5000 [ 10%]  (Warmup)
Chain 2: Iteration:  500 / 5000 [ 10%]  (Warmup)
Chain 4: Iteration: 1000 / 5000 [ 20%]  (Warmup)
Chain 3: Iteration: 1000 / 5000 [ 20%]  (Warmup)
Chain 1: Iteration: 1000 / 5000 [ 20%]  (Warmup)
Chain 2: Iteration: 1000 / 5000 [ 20%]  (Warmup)
Chain 4: Iteration: 1500 / 5000 [ 30%]  (Warmup)
Chain 1: Iteration: 1500 / 5000 [ 30%]  (Warmup)
Chain 3: Iteration: 1500 / 5000 [ 30%]  (Warmup)
Chain 2: Iteration: 1500 / 5000 [ 30%]  (Warmup)
Chain 4: Iteration: 2000 / 5000 [ 40%]  (Warmup)
Chain 1: Iteration: 2000 / 5000 [ 40%]  (Warmup)
Chain 2: Iteration: 2000 / 5000 [ 40%]  (Warmup)
Chain 3: Iteration: 2000 / 5000 [ 40%]  (Warmup)
Chain 4: Iteration: 2500 / 5000 [ 50%]  (Warmup)
Chain 4: Iteration: 2501 / 5000 [ 50%]  (Sampling)
Chain 1: Iteration: 2500 / 5000 [ 50%]  (Warmup)
Chain 1: Iteration: 2501 / 5000 [ 50%]  (Sampling)
Chain 2: Iteration: 2500 / 5000 [ 50%]  (Warmup)
Chain 2: Iteration: 2501 / 5000 [ 50%]  (Sampling)
Chain 3: Iteration: 2500 / 5000 [ 50%]  (Warmup)
Chain 3: Iteration: 2501 / 5000 [ 50%]  (Sampling)
Chain 4: Iteration: 3000 / 5000 [ 60%]  (Sampling)
Chain 1: Iteration: 3000 / 5000 [ 60%]  (Sampling)
Chain 2: Iteration: 3000 / 5000 [ 60%]  (Sampling)
Chain 3: Iteration: 3000 / 5000 [ 60%]  (Sampling)
Chain 4: Iteration: 3500 / 5000 [ 70%]  (Sampling)
Chain 1: Iteration: 3500 / 5000 [ 70%]  (Sampling)
Chain 2: Iteration: 3500 / 5000 [ 70%]  (Sampling)
Chain 3: Iteration: 3500 / 5000 [ 70%]  (Sampling)
Chain 4: Iteration: 4000 / 5000 [ 80%]  (Sampling)
Chain 1: Iteration: 4000 / 5000 [ 80%]  (Sampling)
Chain 2: Iteration: 4000 / 5000 [ 80%]  (Sampling)
Chain 3: Iteration: 4000 / 5000 [ 80%]  (Sampling)
Chain 4: Iteration: 4500 / 5000 [ 90%]  (Sampling)
Chain 1: Iteration: 4500 / 5000 [ 90%]  (Sampling)
Chain 2: Iteration: 4500 / 5000 [ 90%]  (Sampling)
Chain 3: Iteration: 4500 / 5000 [ 90%]  (Sampling)
Chain 4: Iteration: 5000 / 5000 [100%]  (Sampling)
Chain 4: 
Chain 4:  Elapsed Time: 228.318 seconds (Warm-up)
Chain 4:                349.365 seconds (Sampling)
Chain 4:                577.683 seconds (Total)
Chain 4: 
Chain 1: Iteration: 5000 / 5000 [100%]  (Sampling)
Chain 1: 
Chain 1:  Elapsed Time: 238.595 seconds (Warm-up)
Chain 1:                363.272 seconds (Sampling)
Chain 1:                601.866 seconds (Total)
Chain 1: 
Chain 2: Iteration: 5000 / 5000 [100%]  (Sampling)
Chain 2: 
Chain 2:  Elapsed Time: 248.623 seconds (Warm-up)
Chain 2:                358.608 seconds (Sampling)
Chain 2:                607.231 seconds (Total)
Chain 2: 
Chain 3: Iteration: 5000 / 5000 [100%]  (Sampling)
Chain 3: 
Chain 3:  Elapsed Time: 253.268 seconds (Warm-up)
Chain 3:                355.926 seconds (Sampling)
Chain 3:                609.194 seconds (Total)
Chain 3: 
