
SAMPLING FOR MODEL 'rd' NOW (CHAIN 1).

SAMPLING FOR MODEL 'rd' NOW (CHAIN 2).

SAMPLING FOR MODEL 'rd' NOW (CHAIN 
SAMPLING FOR MODEL 'rd' NOW (CHAIN 3).
4).
Chain 1: 
Chain 1: Gradient evaluation took 0.000319 seconds
Chain 1: 1000 transitions using 10 leapfrog steps per transition would take 3.19 seconds.
Chain 1: Adjust your expectations accordingly!
Chain 1: 
Chain 1: 
Chain 2: 
Chain 2: Gradient evaluation took 0.00024 seconds
Chain 2: 1000 transitions using 10 leapfrog steps per transition would take 2.4 seconds.
Chain 2: Adjust your expectations accordingly!
Chain 2: 
Chain 2: 
Chain 3: 
Chain 3: Gradient evaluation took 0.000252 seconds
Chain 3: Chain 4: 
1000 transitions using 10 leapfrog steps per transition would take 2.52 seconds.
Chain 3: Chain 4: Gradient evaluation took 0.000246 seconds
Chain 4: 1000 transitions using 10 leapfrog steps per transition would take 2.46 seconds.
Adjust your expectations accordingly!
Chain 3: 
Chain 3: 
Chain 4: Adjust your expectations accordingly!
Chain 4: 
Chain 4: 
Chain 2: Iteration:    1 / 5000 [  0%]  (Warmup)
Chain 1: Iteration:    1 / 5000 [  0%]  (Warmup)
Chain 4: Iteration:    1 / 5000 [  0%]  (Warmup)
Chain 3: Iteration:    1 / 5000 [  0%]  (Warmup)
Chain 2: Iteration:  500 / 5000 [ 10%]  (Warmup)
Chain 4: Iteration:  500 / 5000 [ 10%]  (Warmup)
Chain 3: Iteration:  500 / 5000 [ 10%]  (Warmup)
Chain 1: Iteration:  500 / 5000 [ 10%]  (Warmup)
Chain 2: Iteration: 1000 / 5000 [ 20%]  (Warmup)
Chain 4: Iteration: 1000 / 5000 [ 20%]  (Warmup)
Chain 3: Iteration: 1000 / 5000 [ 20%]  (Warmup)
Chain 2: Iteration: 1500 / 5000 [ 30%]  (Warmup)
Chain 1: Iteration: 1000 / 5000 [ 20%]  (Warmup)
Chain 4: Iteration: 1500 / 5000 [ 30%]  (Warmup)
Chain 3: Iteration: 1500 / 5000 [ 30%]  (Warmup)
Chain 2: Iteration: 2000 / 5000 [ 40%]  (Warmup)
Chain 1: Iteration: 1500 / 5000 [ 30%]  (Warmup)
Chain 4: Iteration: 2000 / 5000 [ 40%]  (Warmup)
Chain 3: Iteration: 2000 / 5000 [ 40%]  (Warmup)
Chain 2: Iteration: 2500 / 5000 [ 50%]  (Warmup)
Chain 2: Iteration: 2501 / 5000 [ 50%]  (Sampling)
Chain 1: Iteration: 2000 / 5000 [ 40%]  (Warmup)
Chain 4: Iteration: 2500 / 5000 [ 50%]  (Warmup)
Chain 4: Iteration: 2501 / 5000 [ 50%]  (Sampling)
Chain 3: Iteration: 2500 / 5000 [ 50%]  (Warmup)
Chain 3: Iteration: 2501 / 5000 [ 50%]  (Sampling)
Chain 1: Iteration: 2500 / 5000 [ 50%]  (Warmup)
Chain 1: Iteration: 2501 / 5000 [ 50%]  (Sampling)
Chain 2: Iteration: 3000 / 5000 [ 60%]  (Sampling)
Chain 4: Iteration: 3000 / 5000 [ 60%]  (Sampling)
Chain 3: Iteration: 3000 / 5000 [ 60%]  (Sampling)
Chain 1: Iteration: 3000 / 5000 [ 60%]  (Sampling)
Chain 3: Iteration: 3500 / 5000 [ 70%]  (Sampling)
Chain 2: Iteration: 3500 / 5000 [ 70%]  (Sampling)
Chain 4: Iteration: 3500 / 5000 [ 70%]  (Sampling)
Chain 3: Iteration: 4000 / 5000 [ 80%]  (Sampling)
Chain 1: Iteration: 3500 / 5000 [ 70%]  (Sampling)
Chain 4: Iteration: 4000 / 5000 [ 80%]  (Sampling)
Chain 2: Iteration: 4000 / 5000 [ 80%]  (Sampling)
Chain 3: Iteration: 4500 / 5000 [ 90%]  (Sampling)
Chain 4: Iteration: 4500 / 5000 [ 90%]  (Sampling)
Chain 1: Iteration: 4000 / 5000 [ 80%]  (Sampling)
Chain 2: Iteration: 4500 / 5000 [ 90%]  (Sampling)
Chain 3: Iteration: 5000 / 5000 [100%]  (Sampling)
Chain 3: 
Chain 3:  Elapsed Time: 41.3185 seconds (Warm-up)
Chain 3:                46.6243 seconds (Sampling)
Chain 3:                87.9428 seconds (Total)
Chain 3: 
Chain 4: Iteration: 5000 / 5000 [100%]  (Sampling)
Chain 4: 
Chain 4:  Elapsed Time: 39.8637 seconds (Warm-up)
Chain 4:                52.2984 seconds (Sampling)
Chain 4:                92.1621 seconds (Total)
Chain 4: 
Chain 1: Iteration: 4500 / 5000 [ 90%]  (Sampling)
Chain 2: Iteration: 5000 / 5000 [100%]  (Sampling)
Chain 2: 
Chain 2:  Elapsed Time: 35.9073 seconds (Warm-up)
Chain 2:                62.0177 seconds (Sampling)
Chain 2:                97.925 seconds (Total)
Chain 2: 
Chain 1: Iteration: 5000 / 5000 [100%]  (Sampling)
Chain 1: 
Chain 1:  Elapsed Time: 43.4921 seconds (Warm-up)
Chain 1:                62.9799 seconds (Sampling)
Chain 1:                106.472 seconds (Total)
Chain 1: 
